<?xml version="1.0" encoding="UTF-8"?>
<!-- Generated by org.testng.reporters.JUnitXMLReporter -->
<testsuite ignored="0" hostname="LAPTOP-8MD4I2BD" failures="1" tests="1" name="Contact Person Creation Runner" time="29.625" errors="0" timestamp="28 Jun 2025 09:42:51 GMT">
  <testcase classname="io.cucumber.testng.AbstractTestNGCucumberTests" name="runScenario" time="29.601">
    <failure type="org.openqa.selenium.ElementClickInterceptedException" message="element click intercepted: Element &amp;lt;input class=&amp;quot;o_input&amp;quot; id=&amp;quot;city_0&amp;quot; type=&amp;quot;text&amp;quot; autocomplete=&amp;quot;off&amp;quot; placeholder=&amp;quot;City&amp;quot;&amp;gt; is not clickable at point (181, 386). Other element would receive the click: &amp;lt;a class=&amp;quot;dropdown-item ui-menu-item-wrapper text-truncate&amp;quot; id=&amp;quot;parent_id_0_0_3&amp;quot; role=&amp;quot;option&amp;quot; href=&amp;quot;#&amp;quot; aria-selected=&amp;quot;false&amp;quot;&amp;gt;...&amp;lt;/a&amp;gt;
  (Session info: chrome=137.0.7151.122)
Build info: version: &amp;apos;4.32.0&amp;apos;, revision: &amp;apos;d17c8aa950&amp;apos;
System info: os.name: &amp;apos;Windows 11&amp;apos;, os.arch: &amp;apos;amd64&amp;apos;, os.version: &amp;apos;10.0&amp;apos;, java.version: &amp;apos;21.0.7&amp;apos;
Driver info: org.openqa.selenium.chrome.ChromeDriver
Command: [626e3581263cd728cd7916c947ae9af3, clickElement {id=f.A15131277916DB3E4E96B977657493DF.d.14771BF2539671F6226A3ADFB6AA3854.e.113}]
Capabilities {acceptInsecureCerts: false, browserName: chrome, browserVersion: 137.0.7151.122, chrome: {chromedriverVersion: 137.0.7151.119 (e0ac9d12dff..., userDataDir: C:\Users\INDRAN~1\AppData\L...}, fedcm:accounts: true, goog:chromeOptions: {debuggerAddress: localhost:56806}, networkConnectionEnabled: false, pageLoadStrategy: normal, platformName: windows, proxy: Proxy(), se:cdp: ws://localhost:56806/devtoo..., se:cdpVersion: 137.0.7151.122, setWindowRect: true, strictFileInteractability: false, timeouts: {implicit: 0, pageLoad: 300000, script: 30000}, unhandledPromptBehavior: dismiss and notify, webauthn:extension:credBlob: true, webauthn:extension:largeBlob: true, webauthn:extension:minPinLength: true, webauthn:extension:prf: true, webauthn:virtualAuthenticators: true}
Element: [[ChromeDriver: chrome on windows (626e3581263cd728cd7916c947ae9af3)] -&amp;gt; xpath: //input[@placeholder=&amp;apos;City&amp;apos;]]
Session ID: 626e3581263cd728cd7916c947ae9af3">
      <![CDATA[org.openqa.selenium.ElementClickInterceptedException: element click intercepted: Element <input class="o_input" id="city_0" type="text" autocomplete="off" placeholder="City"> is not clickable at point (181, 386). Other element would receive the click: <a class="dropdown-item ui-menu-item-wrapper text-truncate" id="parent_id_0_0_3" role="option" href="#" aria-selected="false">...</a>
  (Session info: chrome=137.0.7151.122)
Build info: version: '4.32.0', revision: 'd17c8aa950'
System info: os.name: 'Windows 11', os.arch: 'amd64', os.version: '10.0', java.version: '21.0.7'
Driver info: org.openqa.selenium.chrome.ChromeDriver
Command: [626e3581263cd728cd7916c947ae9af3, clickElement {id=f.A15131277916DB3E4E96B977657493DF.d.14771BF2539671F6226A3ADFB6AA3854.e.113}]
Capabilities {acceptInsecureCerts: false, browserName: chrome, browserVersion: 137.0.7151.122, chrome: {chromedriverVersion: 137.0.7151.119 (e0ac9d12dff..., userDataDir: C:\Users\INDRAN~1\AppData\L...}, fedcm:accounts: true, goog:chromeOptions: {debuggerAddress: localhost:56806}, networkConnectionEnabled: false, pageLoadStrategy: normal, platformName: windows, proxy: Proxy(), se:cdp: ws://localhost:56806/devtoo..., se:cdpVersion: 137.0.7151.122, setWindowRect: true, strictFileInteractability: false, timeouts: {implicit: 0, pageLoad: 300000, script: 30000}, unhandledPromptBehavior: dismiss and notify, webauthn:extension:credBlob: true, webauthn:extension:largeBlob: true, webauthn:extension:minPinLength: true, webauthn:extension:prf: true, webauthn:virtualAuthenticators: true}
Element: [[ChromeDriver: chrome on windows (626e3581263cd728cd7916c947ae9af3)] -> xpath: //input[@placeholder='City']]
Session ID: 626e3581263cd728cd7916c947ae9af3
	at org.openqa.selenium.remote.ErrorCodec.decode(ErrorCodec.java:167)
	at org.openqa.selenium.remote.codec.w3c.W3CHttpResponseCodec.decode(W3CHttpResponseCodec.java:138)
	at org.openqa.selenium.remote.codec.w3c.W3CHttpResponseCodec.decode(W3CHttpResponseCodec.java:50)
	at org.openqa.selenium.remote.HttpCommandExecutor.execute(HttpCommandExecutor.java:215)
	at org.openqa.selenium.remote.service.DriverCommandExecutor.invokeExecute(DriverCommandExecutor.java:216)
	at org.openqa.selenium.remote.service.DriverCommandExecutor.execute(DriverCommandExecutor.java:174)
	at org.openqa.selenium.remote.RemoteWebDriver.execute(RemoteWebDriver.java:545)
	at org.openqa.selenium.remote.RemoteWebElement.execute(RemoteWebElement.java:223)
	at org.openqa.selenium.remote.RemoteWebElement.click(RemoteWebElement.java:76)
	at Pages.HomePageList.ContactsPage.CreateNewAccountForPerson(ContactsPage.java:250)
	at Pages.HomePageList.ContactsPage.SelectCompanyOrPerson(ContactsPage.java:127)
	at StepDefinition.ContactPageSteps.user_selects_contact_to_select_and_starts_to_create_a_Account_for_individual_Person(ContactPageSteps.java:54)
	at âœ½.User selects Contact Type as "Person" to select and starts to create a Account for Person as "John Doe"(file:///D:/OdooCRMAutomationProject/Odoo_CRM_Automation/src/test/resources/Feature/ContactPageValidation/ContactPage.feature:14)
... Removed 3 stack frames]]>
    </failure>
  </testcase> <!-- runScenario -->
</testsuite> <!-- Contact Person Creation Runner -->
